Sat Apr 03 04:13:19 2021: build-wrapper, version 6.18 (linux-x86)
Sat Apr 03 04:13:19 2021: System name: Linux Nodename: 619eaa09bd4f Release: 5.4.72-microsoft-standard-WSL2 Version: #1 SMP Wed Oct 28 23:40:43 UTC 2020 Machine: x86_64
Sat Apr 03 04:13:19 2021: socket path: /tmp/build-wrapper-socket.gMo6X6
Sat Apr 03 04:13:19 2021: dynamic library found: /home/rejin/build-wrapper-linux-x86/libinterceptor-i686.so
Sat Apr 03 04:13:19 2021: dynamic library found: /home/rejin/build-wrapper-linux-x86/libinterceptor-x86_64.so
Sat Apr 03 04:13:19 2021: dynamic library found: /home/rejin/build-wrapper-linux-x86/libinterceptor-haswell.so
Sat Apr 03 04:13:19 2021: command executed as: <build-wrapper-linux-x86-64>
Sat Apr 03 04:13:19 2021: command line received: <make clean all>
Sat Apr 03 04:13:19 2021: env 0: <LANG=en_US.UTF-8>
Sat Apr 03 04:13:19 2021: env 1: <HISTCONTROL=ignoredups>
Sat Apr 03 04:13:19 2021: env 2: <HOSTNAME=619eaa09bd4f>
Sat Apr 03 04:13:19 2021: env 3: <OLDPWD=/home/rejin/snake/bin>
Sat Apr 03 04:13:19 2021: env 4: <JAVA_HOME=/usr/lib/jvm/java-1.8.0-openjdk>
Sat Apr 03 04:13:19 2021: env 5: <USER=rejin>
Sat Apr 03 04:13:19 2021: env 6: <PWD=/home/rejin/snake>
Sat Apr 03 04:13:19 2021: env 7: <HOME=/home/rejin>
Sat Apr 03 04:13:19 2021: env 8: <MAIL=/var/spool/mail/rejin>
Sat Apr 03 04:13:19 2021: env 9: <SHELL=/bin/bash>
Sat Apr 03 04:13:19 2021: env 10: <TERM=xterm>
Sat Apr 03 04:13:19 2021: env 11: <SHLVL=1>
Sat Apr 03 04:13:19 2021: env 12: <LOGNAME=rejin>
Sat Apr 03 04:13:19 2021: env 13: <PATH=/home/rejin/.local/bin:/home/rejin/bin:/usr/local/bin:/usr/bin:/usr/local/sbin:/usr/sbin:/home/rejin/apache-maven-3.6.3/bin:/home/rejin/sonar-scanner-4.6.0.2311-linux/bin:/home/rejin/apache-maven-3.6.3/bin:/home/rejin/sonar-scanner-4.6.0.2311-linux/bin:/home/rejin/build-wrapper-linux-x86>
Sat Apr 03 04:13:19 2021: env 14: <HISTSIZE=1000>
Sat Apr 03 04:13:19 2021: env 15: <LESSOPEN=||/usr/bin/lesspipe.sh %s>
Sat Apr 03 04:13:19 2021: env 16: <_=/home/rejin/build-wrapper-linux-x86/build-wrapper-linux-x86-64>
Sat Apr 03 04:13:19 2021: executing: <make clean all>
Sat Apr 03 04:13:19 2021: initializing json file
Sat Apr 03 04:13:19 2021: process created with pid: 138
Sat Apr 03 04:13:19 2021: parent pid: 137
Sat Apr 03 04:13:19 2021: working directory: </home/rejin/snake>
Sat Apr 03 04:13:19 2021: executable: </home/rejin/build-wrapper-linux-x86/build-wrapper-linux-x86-64>
Sat Apr 03 04:13:19 2021: argv[0]: <build-wrapper-linux-x86-64>
Sat Apr 03 04:13:19 2021: argv[1]: <-c>
Sat Apr 03 04:13:19 2021: argv[2]: <>
Sat Apr 03 04:13:19 2021: argv[3]: <make>
Sat Apr 03 04:13:19 2021: argv[4]: <clean>
Sat Apr 03 04:13:19 2021: argv[5]: <all>
Sat Apr 03 04:13:19 2021: skipping process with pid: 138
Sat Apr 03 04:13:19 2021: process created with pid: 139
Sat Apr 03 04:13:19 2021: parent pid: 138
Sat Apr 03 04:13:19 2021: working directory: </home/rejin/snake>
Sat Apr 03 04:13:19 2021: executable: </usr/bin/make>
Sat Apr 03 04:13:19 2021: argv[0]: <make>
Sat Apr 03 04:13:19 2021: argv[1]: <clean>
Sat Apr 03 04:13:19 2021: argv[2]: <all>
Sat Apr 03 04:13:19 2021: skipping process with pid: 139
Sat Apr 03 04:13:19 2021: process created with pid: 140
Sat Apr 03 04:13:19 2021: parent pid: 139
Sat Apr 03 04:13:19 2021: working directory: </home/rejin/snake>
Sat Apr 03 04:13:19 2021: executable: </usr/bin/coreutils>
Sat Apr 03 04:13:19 2021: argv[0]: </usr/bin/coreutils>
Sat Apr 03 04:13:19 2021: argv[1]: <--coreutils-prog-shebang=rm>
Sat Apr 03 04:13:19 2021: argv[2]: </usr/bin/rm>
Sat Apr 03 04:13:19 2021: argv[3]: <bin/snake>
Sat Apr 03 04:13:19 2021: skipping process with pid: 140
Sat Apr 03 04:13:19 2021: process created with pid: 141
Sat Apr 03 04:13:19 2021: parent pid: 139
Sat Apr 03 04:13:19 2021: working directory: </home/rejin/snake>
Sat Apr 03 04:13:19 2021: executable: </usr/bin/g++>
Sat Apr 03 04:13:19 2021: argv[0]: <g++>
Sat Apr 03 04:13:19 2021: argv[1]: <-std=c++11>
Sat Apr 03 04:13:19 2021: argv[2]: <src/main.cpp>
Sat Apr 03 04:13:19 2021: argv[3]: <src/snake.cpp>
Sat Apr 03 04:13:19 2021: argv[4]: <src/input.cpp>
Sat Apr 03 04:13:19 2021: argv[5]: <src/snake_map.cpp>
Sat Apr 03 04:13:19 2021: argv[6]: <-o>
Sat Apr 03 04:13:19 2021: argv[7]: <bin/snake>
Sat Apr 03 04:13:19 2021: argv[8]: <-lpthread>
Sat Apr 03 04:13:19 2021: envp[0]: <SQ_WRAPPER_SOCKET=/tmp/build-wrapper-socket.gMo6X6>
Sat Apr 03 04:13:19 2021: envp[1]: <SQ_WRAPPER_LIBRARY=/home/rejin/build-wrapper-linux-x86/libinterceptor-${PLATFORM}.so>
Sat Apr 03 04:13:19 2021: envp[2]: <SHELL=/bin/bash>
Sat Apr 03 04:13:19 2021: envp[3]: <_=/home/rejin/build-wrapper-linux-x86/build-wrapper-linux-x86-64>
Sat Apr 03 04:13:19 2021: envp[4]: <HISTCONTROL=ignoredups>
Sat Apr 03 04:13:19 2021: envp[5]: <LESSOPEN=||/usr/bin/lesspipe.sh %s>
Sat Apr 03 04:13:19 2021: envp[6]: <PATH=/home/rejin/.local/bin:/home/rejin/bin:/usr/local/bin:/usr/bin:/usr/local/sbin:/usr/sbin:/home/rejin/apache-maven-3.6.3/bin:/home/rejin/sonar-scanner-4.6.0.2311-linux/bin:/home/rejin/apache-maven-3.6.3/bin:/home/rejin/sonar-scanner-4.6.0.2311-linux/bin:/home/rejin/build-wrapper-linux-x86>
Sat Apr 03 04:13:19 2021: envp[7]: <PWD=/home/rejin/snake>
Sat Apr 03 04:13:19 2021: envp[8]: <HOME=/home/rejin>
Sat Apr 03 04:13:19 2021: envp[9]: <LOGNAME=rejin>
Sat Apr 03 04:13:19 2021: envp[10]: <HOSTNAME=619eaa09bd4f>
Sat Apr 03 04:13:19 2021: envp[11]: <SHLVL=1>
Sat Apr 03 04:13:19 2021: envp[12]: <JAVA_HOME=/usr/lib/jvm/java-1.8.0-openjdk>
Sat Apr 03 04:13:19 2021: envp[13]: <USER=rejin>
Sat Apr 03 04:13:19 2021: envp[14]: <OLDPWD=/home/rejin/snake/bin>
Sat Apr 03 04:13:19 2021: envp[15]: <MAKEFLAGS=>
Sat Apr 03 04:13:19 2021: envp[16]: <MFLAGS=>
Sat Apr 03 04:13:19 2021: envp[17]: <MAIL=/var/spool/mail/rejin>
Sat Apr 03 04:13:19 2021: envp[18]: <MAKE_TERMOUT=/dev/pts/1>
Sat Apr 03 04:13:19 2021: envp[19]: <HISTSIZE=1000>
Sat Apr 03 04:13:19 2021: envp[20]: <MAKE_TERMERR=/dev/pts/1>
Sat Apr 03 04:13:19 2021: envp[21]: <LANG=en_US.UTF-8>
Sat Apr 03 04:13:19 2021: envp[22]: <TERM=xterm>
Sat Apr 03 04:13:19 2021: envp[23]: <MAKELEVEL=1>
Sat Apr 03 04:13:19 2021: envp[24]: <LD_PRELOAD=>
Sat Apr 03 04:13:19 2021: Probing C compiler: /usr/bin/g++ 
Sat Apr 03 04:13:19 2021: exit code: 0
Sat Apr 03 04:13:19 2021: stdout:
#define __DBL_MIN_EXP__ (-1021)
#define __FLT32X_MAX_EXP__ 1024
#define __UINT_LEAST16_MAX__ 0xffff
#define __ATOMIC_ACQUIRE 2
#define __FLT128_MAX_10_EXP__ 4932
#define __FLT_MIN__ 1.17549435082228750796873653722224568e-38F
#define __GCC_IEC_559_COMPLEX 2
#define __UINT_LEAST8_TYPE__ unsigned char
#define __SIZEOF_FLOAT80__ 16
#define __INTMAX_C(c) c ## L
#define __CHAR_BIT__ 8
#define __UINT8_MAX__ 0xff
#define __WINT_MAX__ 0xffffffffU
#define __FLT32_MIN_EXP__ (-125)
#define __ORDER_LITTLE_ENDIAN__ 1234
#define __SIZE_MAX__ 0xffffffffffffffffUL
#define __WCHAR_MAX__ 0x7fffffff
#define __GCC_HAVE_SYNC_COMPARE_AND_SWAP_1 1
#define __GCC_HAVE_SYNC_COMPARE_AND_SWAP_2 1
#define __GCC_HAVE_SYNC_COMPARE_AND_SWAP_4 1
#define __DBL_DENORM_MIN__ ((double)4.94065645841246544176568792868221372e-324L)
#define __GCC_HAVE_SYNC_COMPARE_AND_SWAP_8 1
#define __GCC_ATOMIC_CHAR_LOCK_FREE 2
#define __GCC_IEC_559 2
#define __FLT32X_DECIMAL_DIG__ 17
#define __FLT_EVAL_METHOD__ 0
#define __unix__ 1
#define __FLT64_DECIMAL_DIG__ 17
#define __GCC_ATOMIC_CHAR32_T_LOCK_FREE 2
#define __x86_64 1
#define __UINT_FAST64_MAX__ 0xffffffffffffffffUL
#define __SIG_ATOMIC_TYPE__ int
#define __DBL_MIN_10_EXP__ (-307)
#define __FINITE_MATH_ONLY__ 0
#define __GNUC_PATCHLEVEL__ 1
#define __FLT32_HAS_DENORM__ 1
#define __UINT_FAST8_MAX__ 0xff
#define __has_include(STR) __has_include__(STR)
#define __DEC64_MAX_EXP__ 385
#define __INT8_C(c) c
#define __INT_LEAST8_WIDTH__ 8
#define __UINT_LEAST64_MAX__ 0xffffffffffffffffUL
#define __SHRT_MAX__ 0x7fff
#define __LDBL_MAX__ 1.18973149535723176502126385303097021e+4932L
#define __FLT64X_MAX_10_EXP__ 4932
#define __UINT_LEAST8_MAX__ 0xff
#define __GCC_ATOMIC_BOOL_LOCK_FREE 2
#define __FLT128_DENORM_MIN__ 6.47517511943802511092443895822764655e-4966F128
#define __UINTMAX_TYPE__ long unsigned int
#define __linux 1
#define __DEC32_EPSILON__ 1E-6DF
#define __FLT_EVAL_METHOD_TS_18661_3__ 0
#define __unix 1
#define __UINT32_MAX__ 0xffffffffU
#define __LDBL_MAX_EXP__ 16384
#define __FLT128_MIN_EXP__ (-16381)
#define __WINT_MIN__ 0U
#define __linux__ 1
#define __FLT128_MIN_10_EXP__ (-4931)
#define __INT_LEAST16_WIDTH__ 16
#define __SCHAR_MAX__ 0x7f
#define __FLT128_MANT_DIG__ 113
#define __WCHAR_MIN__ (-__WCHAR_MAX__ - 1)
#define __INT64_C(c) c ## L
#define __DBL_DIG__ 15
#define __GCC_ATOMIC_POINTER_LOCK_FREE 2
#define __FLT64X_MANT_DIG__ 64
#define __SIZEOF_INT__ 4
#define __SIZEOF_POINTER__ 8
#define __USER_LABEL_PREFIX__ 
#define __FLT64X_EPSILON__ 1.08420217248550443400745280086994171e-19F64x
#define __STDC_HOSTED__ 1
#define __LDBL_HAS_INFINITY__ 1
#define __FLT32_DIG__ 6
#define __FLT_EPSILON__ 1.19209289550781250000000000000000000e-7F
#define __SHRT_WIDTH__ 16
#define __LDBL_MIN__ 3.36210314311209350626267781732175260e-4932L
#define __STDC_UTF_16__ 1
#define __DEC32_MAX__ 9.999999E96DF
#define __FLT64X_DENORM_MIN__ 3.64519953188247460252840593361941982e-4951F64x
#define __FLT32X_HAS_INFINITY__ 1
#define __INT32_MAX__ 0x7fffffff
#define __INT_WIDTH__ 32
#define __SIZEOF_LONG__ 8
#define __STDC_IEC_559__ 1
#define __STDC_ISO_10646__ 201706L
#define __UINT16_C(c) c
#define __PTRDIFF_WIDTH__ 64
#define __DECIMAL_DIG__ 21
#define __FLT64_EPSILON__ 2.22044604925031308084726333618164062e-16F64
#define __gnu_linux__ 1
#define __INTMAX_WIDTH__ 64
#define __has_include_next(STR) __has_include_next__(STR)
#define __FLT64X_MIN_10_EXP__ (-4931)
#define __LDBL_HAS_QUIET_NAN__ 1
#define __FLT64_MANT_DIG__ 53
#define __GNUC__ 8
#define __MMX__ 1
#define __FLT_HAS_DENORM__ 1
#define __SIZEOF_LONG_DOUBLE__ 16
#define __BIGGEST_ALIGNMENT__ 16
#define __FLT64_MAX_10_EXP__ 308
#define __DBL_MAX__ ((double)1.79769313486231570814527423731704357e+308L)
#define __INT_FAST32_MAX__ 0x7fffffffffffffffL
#define __DBL_HAS_INFINITY__ 1
#define __DEC32_MIN_EXP__ (-94)
#define __INTPTR_WIDTH__ 64
#define __FLT32X_HAS_DENORM__ 1
#define __INT_FAST16_TYPE__ long int
#define __LDBL_HAS_DENORM__ 1
#define __FLT128_HAS_INFINITY__ 1
#define __DEC128_MAX__ 9.999999999999999999999999999999999E6144DL
#define __INT_LEAST32_MAX__ 0x7fffffff
#define __DEC32_MIN__ 1E-95DF
#define __DBL_MAX_EXP__ 1024
#define __WCHAR_WIDTH__ 32
#define __FLT32_MAX__ 3.40282346638528859811704183484516925e+38F32
#define __DEC128_EPSILON__ 1E-33DL
#define __SSE2_MATH__ 1
#define __ATOMIC_HLE_RELEASE 131072
#define __PTRDIFF_MAX__ 0x7fffffffffffffffL
#define __amd64 1
#define __ATOMIC_HLE_ACQUIRE 65536
#define __FLT32_HAS_QUIET_NAN__ 1
#define __LONG_LONG_MAX__ 0x7fffffffffffffffLL
#define __SIZEOF_SIZE_T__ 8
#define __FLT64X_MIN_EXP__ (-16381)
#define __SIZEOF_WINT_T__ 4
#define __LONG_LONG_WIDTH__ 64
#define __FLT32_MAX_EXP__ 128
#define __GCC_HAVE_DWARF2_CFI_ASM 1
#define __GXX_ABI_VERSION 1013
#define __FLT_MIN_EXP__ (-125)
#define __FLT64X_HAS_QUIET_NAN__ 1
#define __INT_FAST64_TYPE__ long int
#define __FLT64_DENORM_MIN__ 4.94065645841246544176568792868221372e-324F64
#define __DBL_MIN__ ((double)2.22507385850720138309023271733240406e-308L)
#define __LP64__ 1
#define __FLT32X_EPSILON__ 2.22044604925031308084726333618164062e-16F32x
#define __DECIMAL_BID_FORMAT__ 1
#define __FLT64_MIN_EXP__ (-1021)
#define __FLT64_MIN_10_EXP__ (-307)
#define __FLT64X_DECIMAL_DIG__ 21
#define __DEC128_MIN__ 1E-6143DL
#define __REGISTER_PREFIX__ 
#define __UINT16_MAX__ 0xffff
#define __DBL_HAS_DENORM__ 1
#define __FLT32_MIN__ 1.17549435082228750796873653722224568e-38F32
#define __UINT8_TYPE__ unsigned char
#define __NO_INLINE__ 1
#define __FLT_MANT_DIG__ 24
#define __LDBL_DECIMAL_DIG__ 21
#define __VERSION__ "8.3.1 20191121 (Red Hat 8.3.1-5)"
#define __UINT64_C(c) c ## UL
#define _STDC_PREDEF_H 1
#define __GCC_ATOMIC_INT_LOCK_FREE 2
#define __FLT128_MAX_EXP__ 16384
#define __FLT32_MANT_DIG__ 24
#define __FLOAT_WORD_ORDER__ __ORDER_LITTLE_ENDIAN__
#define __STDC_IEC_559_COMPLEX__ 1
#define __FLT128_HAS_DENORM__ 1
#define __FLT128_DIG__ 33
#define __SCHAR_WIDTH__ 8
#define __INT32_C(c) c
#define __DEC64_EPSILON__ 1E-15DD
#define __ORDER_PDP_ENDIAN__ 3412
#define __DEC128_MIN_EXP__ (-6142)
#define __FLT32_MAX_10_EXP__ 38
#define __INT_FAST32_TYPE__ long int
#define __UINT_LEAST16_TYPE__ short unsigned int
#define __FLT64X_HAS_INFINITY__ 1
#define unix 1
#define __INT16_MAX__ 0x7fff
#define __SIZE_TYPE__ long unsigned int
#define __UINT64_MAX__ 0xffffffffffffffffUL
#define __FLT64X_DIG__ 18
#define __INT8_TYPE__ signed char
#define __ELF__ 1
#define __GCC_ASM_FLAG_OUTPUTS__ 1
#define __FLT_RADIX__ 2
#define __INT_LEAST16_TYPE__ short int
#define __LDBL_EPSILON__ 1.08420217248550443400745280086994171e-19L
#define __UINTMAX_C(c) c ## UL
#define __GNUC_RH_RELEASE__ 5
#define __SSE_MATH__ 1
#define __k8 1
#define __SIG_ATOMIC_MAX__ 0x7fffffff
#define __GCC_ATOMIC_WCHAR_T_LOCK_FREE 2
#define __SIZEOF_PTRDIFF_T__ 8
#define __FLT32X_MANT_DIG__ 53
#define __x86_64__ 1
#define __FLT32X_MIN_EXP__ (-1021)
#define __DEC32_SUBNORMAL_MIN__ 0.000001E-95DF
#define __INT_FAST16_MAX__ 0x7fffffffffffffffL
#define __FLT64_DIG__ 15
#define __UINT_FAST32_MAX__ 0xffffffffffffffffUL
#define __UINT_LEAST64_TYPE__ long unsigned int
#define __FLT_HAS_QUIET_NAN__ 1
#define __FLT_MAX_10_EXP__ 38
#define __LONG_MAX__ 0x7fffffffffffffffL
#define __FLT64X_HAS_DENORM__ 1
#define __DEC128_SUBNORMAL_MIN__ 0.000000000000000000000000000000001E-6143DL
#define __FLT_HAS_INFINITY__ 1
#define __UINT_FAST16_TYPE__ long unsigned int
#define __DEC64_MAX__ 9.999999999999999E384DD
#define __INT_FAST32_WIDTH__ 64
#define __CHAR16_TYPE__ short unsigned int
#define __PRAGMA_REDEFINE_EXTNAME 1
#define __SIZE_WIDTH__ 64
#define __SEG_FS 1
#define __INT_LEAST16_MAX__ 0x7fff
#define __DEC64_MANT_DIG__ 16
#define __INT64_MAX__ 0x7fffffffffffffffL
#define __UINT_LEAST32_MAX__ 0xffffffffU
#define __SEG_GS 1
#define __FLT32_DENORM_MIN__ 1.40129846432481707092372958328991613e-45F32
#define __GCC_ATOMIC_LONG_LOCK_FREE 2
#define __SIG_ATOMIC_WIDTH__ 32
#define __INT_LEAST64_TYPE__ long int
#define __INT16_TYPE__ short int
#define __INT_LEAST8_TYPE__ signed char
#define __STDC_VERSION__ 201710L
#define __DEC32_MAX_EXP__ 97
#define __INT_FAST8_MAX__ 0x7f
#define __FLT128_MAX__ 1.18973149535723176508575932662800702e+4932F128
#define __INTPTR_MAX__ 0x7fffffffffffffffL
#define linux 1
#define __FLT64_HAS_QUIET_NAN__ 1
#define __FLT32_MIN_10_EXP__ (-37)
#define __SSE2__ 1
#define __FLT32X_DIG__ 15
#define __LDBL_MANT_DIG__ 64
#define __DBL_HAS_QUIET_NAN__ 1
#define __FLT64_HAS_INFINITY__ 1
#define __FLT64X_MAX__ 1.18973149535723176502126385303097021e+4932F64x
#define __SIG_ATOMIC_MIN__ (-__SIG_ATOMIC_MAX__ - 1)
#define __code_model_small__ 1
#define __k8__ 1
#define __INTPTR_TYPE__ long int
#define __UINT16_TYPE__ short unsigned int
#define __WCHAR_TYPE__ int
#define __SIZEOF_FLOAT__ 4
#define __UINTPTR_MAX__ 0xffffffffffffffffUL
#define __INT_FAST64_WIDTH__ 64
#define __DEC64_MIN_EXP__ (-382)
#define __FLT32_DECIMAL_DIG__ 9
#define __INT_FAST64_MAX__ 0x7fffffffffffffffL
#define __GCC_ATOMIC_TEST_AND_SET_TRUEVAL 1
#define __FLT_DIG__ 6
#define __FLT32_HAS_INFINITY__ 1
#define __FLT64X_MAX_EXP__ 16384
#define __UINT_FAST64_TYPE__ long unsigned int
#define __INT_MAX__ 0x7fffffff
#define __amd64__ 1
#define __INT64_TYPE__ long int
#define __FLT_MAX_EXP__ 128
#define __ORDER_BIG_ENDIAN__ 4321
#define __DBL_MANT_DIG__ 53
#define __SIZEOF_FLOAT128__ 16
#define __INT_LEAST64_MAX__ 0x7fffffffffffffffL
#define __GCC_ATOMIC_CHAR16_T_LOCK_FREE 2
#define __DEC64_MIN__ 1E-383DD
#define __WINT_TYPE__ unsigned int
#define __UINT_LEAST32_TYPE__ unsigned int
#define __SIZEOF_SHORT__ 2
#define __SSE__ 1
#define __LDBL_MIN_EXP__ (-16381)
#define __FLT64_MAX__ 1.79769313486231570814527423731704357e+308F64
#define __WINT_WIDTH__ 32
#define __INT_LEAST8_MAX__ 0x7f
#define __FLT32X_MAX_10_EXP__ 308
#define __SIZEOF_INT128__ 16
#define __LDBL_MAX_10_EXP__ 4932
#define __ATOMIC_RELAXED 0
#define __DBL_EPSILON__ ((double)2.22044604925031308084726333618164062e-16L)
#define __FLT128_MIN__ 3.36210314311209350626267781732175260e-4932F128
#define _LP64 1
#define __UINT8_C(c) c
#define __FLT64_MAX_EXP__ 1024
#define __INT_LEAST32_TYPE__ int
#define __SIZEOF_WCHAR_T__ 4
#define __UINT64_TYPE__ long unsigned int
#define __FLT128_HAS_QUIET_NAN__ 1
#define __INT_FAST8_TYPE__ signed char
#define __FLT64X_MIN__ 3.36210314311209350626267781732175260e-4932F64x
#define __GNUC_STDC_INLINE__ 1
#define __FLT64_HAS_DENORM__ 1
#define __FLT32_EPSILON__ 1.19209289550781250000000000000000000e-7F32
#define __DBL_DECIMAL_DIG__ 17
#define __STDC_UTF_32__ 1
#define __INT_FAST8_WIDTH__ 8
#define __FXSR__ 1
#define __DEC_EVAL_METHOD__ 2
#define __FLT32X_MAX__ 1.79769313486231570814527423731704357e+308F32x
#define __UINT32_C(c) c ## U
#define __INTMAX_MAX__ 0x7fffffffffffffffL
#define __BYTE_ORDER__ __ORDER_LITTLE_ENDIAN__
#define __FLT_DENORM_MIN__ 1.40129846432481707092372958328991613e-45F
#define __INT8_MAX__ 0x7f
#define __LONG_WIDTH__ 64
#define __UINT_FAST32_TYPE__ long unsigned int
#define __CHAR32_TYPE__ unsigned int
#define __FLT_MAX__ 3.40282346638528859811704183484516925e+38F
#define __INT32_TYPE__ int
#define __SIZEOF_DOUBLE__ 8
#define __FLT_MIN_10_EXP__ (-37)
#define __FLT64_MIN__ 2.22507385850720138309023271733240406e-308F64
#define __INT_LEAST32_WIDTH__ 32
#define __INTMAX_TYPE__ long int
#define __DEC128_MAX_EXP__ 6145
#define __FLT32X_HAS_QUIET_NAN__ 1
#define __ATOMIC_CONSUME 1
#define __GNUC_MINOR__ 3
#define __INT_FAST16_WIDTH__ 64
#define __UINTMAX_MAX__ 0xffffffffffffffffUL
#define __DEC32_MANT_DIG__ 7
#define __FLT32X_DENORM_MIN__ 4.94065645841246544176568792868221372e-324F32x
#define __DBL_MAX_10_EXP__ 308
#define __LDBL_DENORM_MIN__ 3.64519953188247460252840593361941982e-4951L
#define __INT16_C(c) c
#define __STDC__ 1
#define __PTRDIFF_TYPE__ long int
#define __ATOMIC_SEQ_CST 5
#define __UINT32_TYPE__ unsigned int
#define __FLT32X_MIN_10_EXP__ (-307)
#define __UINTPTR_TYPE__ long unsigned int
#define __DEC64_SUBNORMAL_MIN__ 0.000000000000001E-383DD
#define __DEC128_MANT_DIG__ 34
#define __LDBL_MIN_10_EXP__ (-4931)
#define __FLT128_EPSILON__ 1.92592994438723585305597794258492732e-34F128
#define __SIZEOF_LONG_LONG__ 8
#define __FLT128_DECIMAL_DIG__ 36
#define __GCC_ATOMIC_LLONG_LOCK_FREE 2
#define __FLT32X_MIN__ 2.22507385850720138309023271733240406e-308F32x
#define __LDBL_DIG__ 18
#define __FLT_DECIMAL_DIG__ 9
#define __UINT_FAST16_MAX__ 0xffffffffffffffffUL
#define __GCC_ATOMIC_SHORT_LOCK_FREE 2
#define __INT_LEAST64_WIDTH__ 64
#define __UINT_FAST8_TYPE__ unsigned char
#define __ATOMIC_ACQ_REL 4
#define __ATOMIC_RELEASE 3

Sat Apr 03 04:13:19 2021: stderr:
Using built-in specs.
COLLECT_GCC=g++
OFFLOAD_TARGET_NAMES=nvptx-none
OFFLOAD_TARGET_DEFAULT=1
Target: x86_64-redhat-linux
Configured with: ../configure --enable-bootstrap --enable-languages=c,c++,fortran,lto --prefix=/usr --mandir=/usr/share/man --infodir=/usr/share/info --with-bugurl=http://bugzilla.redhat.com/bugzilla --enable-shared --enable-threads=posix --enable-checking=release --enable-multilib --with-system-zlib --enable-__cxa_atexit --disable-libunwind-exceptions --enable-gnu-unique-object --enable-linker-build-id --with-gcc-major-version-only --with-linker-hash-style=gnu --enable-plugin --enable-initfini-array --with-isl --disable-libmpx --enable-offload-targets=nvptx-none --without-cuda-driver --enable-gnu-indirect-function --enable-cet --with-tune=generic --with-arch_32=x86-64 --build=x86_64-redhat-linux
Thread model: posix
gcc version 8.3.1 20191121 (Red Hat 8.3.1-5) (GCC) 
COLLECT_GCC_OPTIONS='-v' '-dM' '-E' '-shared-libgcc' '-mtune=generic' '-march=x86-64'
 /usr/libexec/gcc/x86_64-redhat-linux/8/cc1 -E -quiet -v - -mtune=generic -march=x86-64 -dM
ignoring nonexistent directory "/usr/lib/gcc/x86_64-redhat-linux/8/include-fixed"
ignoring nonexistent directory "/usr/lib/gcc/x86_64-redhat-linux/8/../../../../x86_64-redhat-linux/include"
#include "..." search starts here:
#include <...> search starts here:
 /usr/lib/gcc/x86_64-redhat-linux/8/include
 /usr/local/include
 /usr/include
End of search list.
COMPILER_PATH=/usr/libexec/gcc/x86_64-redhat-linux/8/:/usr/libexec/gcc/x86_64-redhat-linux/8/:/usr/libexec/gcc/x86_64-redhat-linux/:/usr/lib/gcc/x86_64-redhat-linux/8/:/usr/lib/gcc/x86_64-redhat-linux/
LIBRARY_PATH=/usr/lib/gcc/x86_64-redhat-linux/8/:/usr/lib/gcc/x86_64-redhat-linux/8/../../../../lib64/:/lib/../lib64/:/usr/lib/../lib64/:/usr/lib/gcc/x86_64-redhat-linux/8/../../../:/lib/:/usr/lib/
COLLECT_GCC_OPTIONS='-v' '-dM' '-E' '-shared-libgcc' '-mtune=generic' '-march=x86-64'

Sat Apr 03 04:13:19 2021: Probing C++ compiler: /usr/bin/g++ 
Sat Apr 03 04:13:20 2021: exit code: 0
Sat Apr 03 04:13:20 2021: stdout:
#define __DBL_MIN_EXP__ (-1021)
#define __FLT32X_MAX_EXP__ 1024
#define __cpp_attributes 200809
#define __UINT_LEAST16_MAX__ 0xffff
#define __ATOMIC_ACQUIRE 2
#define __FLT128_MAX_10_EXP__ 4932
#define __FLT_MIN__ 1.17549435082228750796873653722224568e-38F
#define __GCC_IEC_559_COMPLEX 2
#define __cpp_aggregate_nsdmi 201304
#define __UINT_LEAST8_TYPE__ unsigned char
#define __SIZEOF_FLOAT80__ 16
#define __INTMAX_C(c) c ## L
#define __CHAR_BIT__ 8
#define __UINT8_MAX__ 0xff
#define __WINT_MAX__ 0xffffffffU
#define __FLT32_MIN_EXP__ (-125)
#define __cpp_static_assert 200410
#define __ORDER_LITTLE_ENDIAN__ 1234
#define __SIZE_MAX__ 0xffffffffffffffffUL
#define __WCHAR_MAX__ 0x7fffffff
#define __GCC_HAVE_SYNC_COMPARE_AND_SWAP_1 1
#define __GCC_HAVE_SYNC_COMPARE_AND_SWAP_2 1
#define __GCC_HAVE_SYNC_COMPARE_AND_SWAP_4 1
#define __DBL_DENORM_MIN__ double(4.94065645841246544176568792868221372e-324L)
#define __GCC_HAVE_SYNC_COMPARE_AND_SWAP_8 1
#define __GCC_ATOMIC_CHAR_LOCK_FREE 2
#define __GCC_IEC_559 2
#define __FLT32X_DECIMAL_DIG__ 17
#define __FLT_EVAL_METHOD__ 0
#define __unix__ 1
#define __cpp_binary_literals 201304
#define __FLT64_DECIMAL_DIG__ 17
#define __GCC_ATOMIC_CHAR32_T_LOCK_FREE 2
#define __x86_64 1
#define __cpp_variadic_templates 200704
#define __UINT_FAST64_MAX__ 0xffffffffffffffffUL
#define __SIG_ATOMIC_TYPE__ int
#define __DBL_MIN_10_EXP__ (-307)
#define __FINITE_MATH_ONLY__ 0
#define __cpp_variable_templates 201304
#define __GNUC_PATCHLEVEL__ 1
#define __FLT32_HAS_DENORM__ 1
#define __UINT_FAST8_MAX__ 0xff
#define __has_include(STR) __has_include__(STR)
#define __DEC64_MAX_EXP__ 385
#define __INT8_C(c) c
#define __INT_LEAST8_WIDTH__ 8
#define __UINT_LEAST64_MAX__ 0xffffffffffffffffUL
#define __SHRT_MAX__ 0x7fff
#define __LDBL_MAX__ 1.18973149535723176502126385303097021e+4932L
#define __FLT64X_MAX_10_EXP__ 4932
#define __UINT_LEAST8_MAX__ 0xff
#define __GCC_ATOMIC_BOOL_LOCK_FREE 2
#define __FLT128_DENORM_MIN__ 6.47517511943802511092443895822764655e-4966F128
#define __UINTMAX_TYPE__ long unsigned int
#define __linux 1
#define __DEC32_EPSILON__ 1E-6DF
#define __FLT_EVAL_METHOD_TS_18661_3__ 0
#define __unix 1
#define __UINT32_MAX__ 0xffffffffU
#define __GXX_EXPERIMENTAL_CXX0X__ 1
#define __LDBL_MAX_EXP__ 16384
#define __FLT128_MIN_EXP__ (-16381)
#define __WINT_MIN__ 0U
#define __linux__ 1
#define __FLT128_MIN_10_EXP__ (-4931)
#define __INT_LEAST16_WIDTH__ 16
#define __SCHAR_MAX__ 0x7f
#define __FLT128_MANT_DIG__ 113
#define __WCHAR_MIN__ (-__WCHAR_MAX__ - 1)
#define __INT64_C(c) c ## L
#define __DBL_DIG__ 15
#define __GCC_ATOMIC_POINTER_LOCK_FREE 2
#define __FLT64X_MANT_DIG__ 64
#define __SIZEOF_INT__ 4
#define __SIZEOF_POINTER__ 8
#define __GCC_ATOMIC_CHAR16_T_LOCK_FREE 2
#define __USER_LABEL_PREFIX__ 
#define __FLT64X_EPSILON__ 1.08420217248550443400745280086994171e-19F64x
#define __STDC_HOSTED__ 1
#define __LDBL_HAS_INFINITY__ 1
#define __FLT32_DIG__ 6
#define __FLT_EPSILON__ 1.19209289550781250000000000000000000e-7F
#define __GXX_WEAK__ 1
#define __SHRT_WIDTH__ 16
#define __LDBL_MIN__ 3.36210314311209350626267781732175260e-4932L
#define __DEC32_MAX__ 9.999999E96DF
#define __cpp_threadsafe_static_init 200806
#define __FLT64X_DENORM_MIN__ 3.64519953188247460252840593361941982e-4951F64x
#define __FLT32X_HAS_INFINITY__ 1
#define __INT32_MAX__ 0x7fffffff
#define __INT_WIDTH__ 32
#define __SIZEOF_LONG__ 8
#define __STDC_IEC_559__ 1
#define __STDC_ISO_10646__ 201706L
#define __UINT16_C(c) c
#define __PTRDIFF_WIDTH__ 64
#define __DECIMAL_DIG__ 21
#define __FLT64_EPSILON__ 2.22044604925031308084726333618164062e-16F64
#define __gnu_linux__ 1
#define __INTMAX_WIDTH__ 64
#define __FLT64_MIN_EXP__ (-1021)
#define __has_include_next(STR) __has_include_next__(STR)
#define __FLT64X_MIN_10_EXP__ (-4931)
#define __LDBL_HAS_QUIET_NAN__ 1
#define __FLT64_MANT_DIG__ 53
#define __GNUC__ 8
#define __GXX_RTTI 1
#define __MMX__ 1
#define __cpp_delegating_constructors 200604
#define __FLT_HAS_DENORM__ 1
#define __SIZEOF_LONG_DOUBLE__ 16
#define __BIGGEST_ALIGNMENT__ 16
#define __STDC_UTF_16__ 1
#define __FLT64_MAX_10_EXP__ 308
#define __FLT32_HAS_INFINITY__ 1
#define __DBL_MAX__ double(1.79769313486231570814527423731704357e+308L)
#define __cpp_raw_strings 200710
#define __INT_FAST32_MAX__ 0x7fffffffffffffffL
#define __DBL_HAS_INFINITY__ 1
#define __DEC32_MIN_EXP__ (-94)
#define __INTPTR_WIDTH__ 64
#define __FLT32X_HAS_DENORM__ 1
#define __INT_FAST16_TYPE__ long int
#define __LDBL_HAS_DENORM__ 1
#define __cplusplus 201402L
#define __cpp_ref_qualifiers 200710
#define __DEC128_MAX__ 9.999999999999999999999999999999999E6144DL
#define __INT_LEAST32_MAX__ 0x7fffffff
#define __DEC32_MIN__ 1E-95DF
#define __DEPRECATED 1
#define __cpp_rvalue_references 200610
#define __DBL_MAX_EXP__ 1024
#define __WCHAR_WIDTH__ 32
#define __FLT32_MAX__ 3.40282346638528859811704183484516925e+38F32
#define __DEC128_EPSILON__ 1E-33DL
#define __SSE2_MATH__ 1
#define __ATOMIC_HLE_RELEASE 131072
#define __PTRDIFF_MAX__ 0x7fffffffffffffffL
#define __amd64 1
#define __ATOMIC_HLE_ACQUIRE 65536
#define __FLT32_HAS_QUIET_NAN__ 1
#define __GNUG__ 8
#define __LONG_LONG_MAX__ 0x7fffffffffffffffLL
#define __SIZEOF_SIZE_T__ 8
#define __cpp_rvalue_reference 200610
#define __cpp_nsdmi 200809
#define __FLT64X_MIN_EXP__ (-16381)
#define __SIZEOF_WINT_T__ 4
#define __LONG_LONG_WIDTH__ 64
#define __cpp_initializer_lists 200806
#define __FLT32_MAX_EXP__ 128
#define __cpp_hex_float 201603
#define __GCC_HAVE_DWARF2_CFI_ASM 1
#define __GXX_ABI_VERSION 1013
#define __FLT128_HAS_INFINITY__ 1
#define __FLT_MIN_EXP__ (-125)
#define __cpp_lambdas 200907
#define __FLT64X_HAS_QUIET_NAN__ 1
#define __INT_FAST64_TYPE__ long int
#define __FLT64_DENORM_MIN__ 4.94065645841246544176568792868221372e-324F64
#define __DBL_MIN__ double(2.22507385850720138309023271733240406e-308L)
#define __LP64__ 1
#define __FLT32X_EPSILON__ 2.22044604925031308084726333618164062e-16F32x
#define __DECIMAL_BID_FORMAT__ 1
#define __FLT64_MIN_10_EXP__ (-307)
#define __FLT64X_DECIMAL_DIG__ 21
#define __DEC128_MIN__ 1E-6143DL
#define __REGISTER_PREFIX__ 
#define __UINT16_MAX__ 0xffff
#define __DBL_HAS_DENORM__ 1
#define __FLT32_MIN__ 1.17549435082228750796873653722224568e-38F32
#define __UINT8_TYPE__ unsigned char
#define __NO_INLINE__ 1
#define __FLT_MANT_DIG__ 24
#define __LDBL_DECIMAL_DIG__ 21
#define __VERSION__ "8.3.1 20191121 (Red Hat 8.3.1-5)"
#define __UINT64_C(c) c ## UL
#define __cpp_unicode_characters 200704
#define _STDC_PREDEF_H 1
#define __cpp_decltype_auto 201304
#define __GCC_ATOMIC_INT_LOCK_FREE 2
#define __FLT128_MAX_EXP__ 16384
#define __FLT32_MANT_DIG__ 24
#define __FLOAT_WORD_ORDER__ __ORDER_LITTLE_ENDIAN__
#define __STDC_IEC_559_COMPLEX__ 1
#define __FLT128_HAS_DENORM__ 1
#define __FLT128_DIG__ 33
#define __SCHAR_WIDTH__ 8
#define __INT32_C(c) c
#define __DEC64_EPSILON__ 1E-15DD
#define __ORDER_PDP_ENDIAN__ 3412
#define __DEC128_MIN_EXP__ (-6142)
#define __FLT32_MAX_10_EXP__ 38
#define __INT_FAST32_TYPE__ long int
#define __UINT_LEAST16_TYPE__ short unsigned int
#define __FLT64X_HAS_INFINITY__ 1
#define unix 1
#define __INT16_MAX__ 0x7fff
#define __cpp_rtti 199711
#define __SIZE_TYPE__ long unsigned int
#define __UINT64_MAX__ 0xffffffffffffffffUL
#define __FLT64X_DIG__ 18
#define __INT8_TYPE__ signed char
#define __cpp_digit_separators 201309
#define __ELF__ 1
#define __GCC_ASM_FLAG_OUTPUTS__ 1
#define __FLT_RADIX__ 2
#define __INT_LEAST16_TYPE__ short int
#define __LDBL_EPSILON__ 1.08420217248550443400745280086994171e-19L
#define __UINTMAX_C(c) c ## UL
#define __GNUC_RH_RELEASE__ 5
#define __GLIBCXX_BITSIZE_INT_N_0 128
#define __k8 1
#define __SIG_ATOMIC_MAX__ 0x7fffffff
#define __GCC_ATOMIC_WCHAR_T_LOCK_FREE 2
#define __SIZEOF_PTRDIFF_T__ 8
#define __FLT32X_MANT_DIG__ 53
#define __x86_64__ 1
#define __FLT32X_MIN_EXP__ (-1021)
#define __DEC32_SUBNORMAL_MIN__ 0.000001E-95DF
#define __INT_FAST16_MAX__ 0x7fffffffffffffffL
#define __FLT64_DIG__ 15
#define __UINT_FAST32_MAX__ 0xffffffffffffffffUL
#define __UINT_LEAST64_TYPE__ long unsigned int
#define __FLT_HAS_QUIET_NAN__ 1
#define __FLT_MAX_10_EXP__ 38
#define __LONG_MAX__ 0x7fffffffffffffffL
#define __FLT64X_HAS_DENORM__ 1
#define __DEC128_SUBNORMAL_MIN__ 0.000000000000000000000000000000001E-6143DL
#define __FLT_HAS_INFINITY__ 1
#define __cpp_unicode_literals 200710
#define __UINT_FAST16_TYPE__ long unsigned int
#define __DEC64_MAX__ 9.999999999999999E384DD
#define __INT_FAST32_WIDTH__ 64
#define __CHAR16_TYPE__ short unsigned int
#define __PRAGMA_REDEFINE_EXTNAME 1
#define __SIZE_WIDTH__ 64
#define __SEG_FS 1
#define __INT_LEAST16_MAX__ 0x7fff
#define __DEC64_MANT_DIG__ 16
#define __INT64_MAX__ 0x7fffffffffffffffL
#define __UINT_LEAST32_MAX__ 0xffffffffU
#define __SEG_GS 1
#define __FLT32_DENORM_MIN__ 1.40129846432481707092372958328991613e-45F32
#define __GCC_ATOMIC_LONG_LOCK_FREE 2
#define __SIG_ATOMIC_WIDTH__ 32
#define __INT_LEAST64_TYPE__ long int
#define __INT16_TYPE__ short int
#define __INT_LEAST8_TYPE__ signed char
#define __DEC32_MAX_EXP__ 97
#define __INT_FAST8_MAX__ 0x7f
#define __FLT128_MAX__ 1.18973149535723176508575932662800702e+4932F128
#define __INTPTR_MAX__ 0x7fffffffffffffffL
#define __cpp_sized_deallocation 201309
#define linux 1
#define __cpp_range_based_for 200907
#define __FLT64_HAS_QUIET_NAN__ 1
#define __FLT32_MIN_10_EXP__ (-37)
#define __SSE2__ 1
#define __EXCEPTIONS 1
#define __LDBL_MANT_DIG__ 64
#define __DBL_HAS_QUIET_NAN__ 1
#define __FLT64_HAS_INFINITY__ 1
#define __FLT64X_MAX__ 1.18973149535723176502126385303097021e+4932F64x
#define __SIG_ATOMIC_MIN__ (-__SIG_ATOMIC_MAX__ - 1)
#define __code_model_small__ 1
#define __cpp_return_type_deduction 201304
#define __k8__ 1
#define __INTPTR_TYPE__ long int
#define __UINT16_TYPE__ short unsigned int
#define __WCHAR_TYPE__ int
#define __SIZEOF_FLOAT__ 4
#define __UINTPTR_MAX__ 0xffffffffffffffffUL
#define __INT_FAST64_WIDTH__ 64
#define __DEC64_MIN_EXP__ (-382)
#define __cpp_decltype 200707
#define __FLT32_DECIMAL_DIG__ 9
#define __INT_FAST64_MAX__ 0x7fffffffffffffffL
#define __GCC_ATOMIC_TEST_AND_SET_TRUEVAL 1
#define __FLT_DIG__ 6
#define __FLT64X_MAX_EXP__ 16384
#define __UINT_FAST64_TYPE__ long unsigned int
#define __INT_MAX__ 0x7fffffff
#define __amd64__ 1
#define __INT64_TYPE__ long int
#define __FLT_MAX_EXP__ 128
#define __ORDER_BIG_ENDIAN__ 4321
#define __DBL_MANT_DIG__ 53
#define __cpp_inheriting_constructors 201511
#define __SIZEOF_FLOAT128__ 16
#define __INT_LEAST64_MAX__ 0x7fffffffffffffffL
#define __DEC64_MIN__ 1E-383DD
#define __WINT_TYPE__ unsigned int
#define __UINT_LEAST32_TYPE__ unsigned int
#define __SIZEOF_SHORT__ 2
#define __SSE__ 1
#define __LDBL_MIN_EXP__ (-16381)
#define __FLT64_MAX__ 1.79769313486231570814527423731704357e+308F64
#define __WINT_WIDTH__ 32
#define __INT_LEAST8_MAX__ 0x7f
#define __FLT32X_MAX_10_EXP__ 308
#define __SIZEOF_INT128__ 16
#define __LDBL_MAX_10_EXP__ 4932
#define __ATOMIC_RELAXED 0
#define __DBL_EPSILON__ double(2.22044604925031308084726333618164062e-16L)
#define __FLT128_MIN__ 3.36210314311209350626267781732175260e-4932F128
#define _LP64 1
#define __UINT8_C(c) c
#define __FLT64_MAX_EXP__ 1024
#define __INT_LEAST32_TYPE__ int
#define __SIZEOF_WCHAR_T__ 4
#define __FLT128_HAS_QUIET_NAN__ 1
#define __INT_FAST8_TYPE__ signed char
#define __FLT64X_MIN__ 3.36210314311209350626267781732175260e-4932F64x
#define __GNUC_STDC_INLINE__ 1
#define __FLT64_HAS_DENORM__ 1
#define __FLT32_EPSILON__ 1.19209289550781250000000000000000000e-7F32
#define __DBL_DECIMAL_DIG__ 17
#define __STDC_UTF_32__ 1
#define __INT_FAST8_WIDTH__ 8
#define __FXSR__ 1
#define __DEC_EVAL_METHOD__ 2
#define __FLT32X_MAX__ 1.79769313486231570814527423731704357e+308F32x
#define __cpp_runtime_arrays 198712
#define __UINT64_TYPE__ long unsigned int
#define __UINT32_C(c) c ## U
#define __INTMAX_MAX__ 0x7fffffffffffffffL
#define __cpp_alias_templates 200704
#define __BYTE_ORDER__ __ORDER_LITTLE_ENDIAN__
#define __FLT_DENORM_MIN__ 1.40129846432481707092372958328991613e-45F
#define __INT8_MAX__ 0x7f
#define __LONG_WIDTH__ 64
#define __UINT_FAST32_TYPE__ long unsigned int
#define __CHAR32_TYPE__ unsigned int
#define __FLT_MAX__ 3.40282346638528859811704183484516925e+38F
#define __cpp_constexpr 201304
#define __INT32_TYPE__ int
#define __SIZEOF_DOUBLE__ 8
#define __cpp_exceptions 199711
#define __FLT_MIN_10_EXP__ (-37)
#define __FLT64_MIN__ 2.22507385850720138309023271733240406e-308F64
#define __INT_LEAST32_WIDTH__ 32
#define __INTMAX_TYPE__ long int
#define __DEC128_MAX_EXP__ 6145
#define __FLT32X_HAS_QUIET_NAN__ 1
#define __ATOMIC_CONSUME 1
#define __GNUC_MINOR__ 3
#define __GLIBCXX_TYPE_INT_N_0 __int128
#define __INT_FAST16_WIDTH__ 64
#define __UINTMAX_MAX__ 0xffffffffffffffffUL
#define __DEC32_MANT_DIG__ 7
#define __FLT32X_DENORM_MIN__ 4.94065645841246544176568792868221372e-324F32x
#define __DBL_MAX_10_EXP__ 308
#define __LDBL_DENORM_MIN__ 3.64519953188247460252840593361941982e-4951L
#define __INT16_C(c) c
#define __cpp_generic_lambdas 201304
#define __STDC__ 1
#define __FLT32X_DIG__ 15
#define __PTRDIFF_TYPE__ long int
#define __ATOMIC_SEQ_CST 5
#define __UINT32_TYPE__ unsigned int
#define __FLT32X_MIN_10_EXP__ (-307)
#define __UINTPTR_TYPE__ long unsigned int
#define __DEC64_SUBNORMAL_MIN__ 0.000000000000001E-383DD
#define __DEC128_MANT_DIG__ 34
#define __LDBL_MIN_10_EXP__ (-4931)
#define __FLT128_EPSILON__ 1.92592994438723585305597794258492732e-34F128
#define __SSE_MATH__ 1
#define __SIZEOF_LONG_LONG__ 8
#define __cpp_user_defined_literals 200809
#define __FLT128_DECIMAL_DIG__ 36
#define __GCC_ATOMIC_LLONG_LOCK_FREE 2
#define __FLT32X_MIN__ 2.22507385850720138309023271733240406e-308F32x
#define __LDBL_DIG__ 18
#define __FLT_DECIMAL_DIG__ 9
#define __UINT_FAST16_MAX__ 0xffffffffffffffffUL
#define __GCC_ATOMIC_SHORT_LOCK_FREE 2
#define __INT_LEAST64_WIDTH__ 64
#define __UINT_FAST8_TYPE__ unsigned char
#define _GNU_SOURCE 1
#define __cpp_init_captures 201304
#define __ATOMIC_ACQ_REL 4
#define __ATOMIC_RELEASE 3

Sat Apr 03 04:13:20 2021: stderr:
Using built-in specs.
COLLECT_GCC=g++
OFFLOAD_TARGET_NAMES=nvptx-none
OFFLOAD_TARGET_DEFAULT=1
Target: x86_64-redhat-linux
Configured with: ../configure --enable-bootstrap --enable-languages=c,c++,fortran,lto --prefix=/usr --mandir=/usr/share/man --infodir=/usr/share/info --with-bugurl=http://bugzilla.redhat.com/bugzilla --enable-shared --enable-threads=posix --enable-checking=release --enable-multilib --with-system-zlib --enable-__cxa_atexit --disable-libunwind-exceptions --enable-gnu-unique-object --enable-linker-build-id --with-gcc-major-version-only --with-linker-hash-style=gnu --enable-plugin --enable-initfini-array --with-isl --disable-libmpx --enable-offload-targets=nvptx-none --without-cuda-driver --enable-gnu-indirect-function --enable-cet --with-tune=generic --with-arch_32=x86-64 --build=x86_64-redhat-linux
Thread model: posix
gcc version 8.3.1 20191121 (Red Hat 8.3.1-5) (GCC) 
COLLECT_GCC_OPTIONS='-v' '-dM' '-E' '-shared-libgcc' '-mtune=generic' '-march=x86-64'
 /usr/libexec/gcc/x86_64-redhat-linux/8/cc1plus -E -quiet -v -D_GNU_SOURCE - -mtune=generic -march=x86-64 -dM
ignoring nonexistent directory "/usr/lib/gcc/x86_64-redhat-linux/8/include-fixed"
ignoring nonexistent directory "/usr/lib/gcc/x86_64-redhat-linux/8/../../../../x86_64-redhat-linux/include"
#include "..." search starts here:
#include <...> search starts here:
 /usr/lib/gcc/x86_64-redhat-linux/8/../../../../include/c++/8
 /usr/lib/gcc/x86_64-redhat-linux/8/../../../../include/c++/8/x86_64-redhat-linux
 /usr/lib/gcc/x86_64-redhat-linux/8/../../../../include/c++/8/backward
 /usr/lib/gcc/x86_64-redhat-linux/8/include
 /usr/local/include
 /usr/include
End of search list.
COMPILER_PATH=/usr/libexec/gcc/x86_64-redhat-linux/8/:/usr/libexec/gcc/x86_64-redhat-linux/8/:/usr/libexec/gcc/x86_64-redhat-linux/:/usr/lib/gcc/x86_64-redhat-linux/8/:/usr/lib/gcc/x86_64-redhat-linux/
LIBRARY_PATH=/usr/lib/gcc/x86_64-redhat-linux/8/:/usr/lib/gcc/x86_64-redhat-linux/8/../../../../lib64/:/lib/../lib64/:/usr/lib/../lib64/:/usr/lib/gcc/x86_64-redhat-linux/8/../../../:/lib/:/usr/lib/
COLLECT_GCC_OPTIONS='-v' '-dM' '-E' '-shared-libgcc' '-mtune=generic' '-march=x86-64'

Sat Apr 03 04:13:20 2021: process created with pid: 143
Sat Apr 03 04:13:20 2021: parent pid: 141
Sat Apr 03 04:13:20 2021: working directory: </home/rejin/snake>
Sat Apr 03 04:13:20 2021: executable: </usr/libexec/gcc/x86_64-redhat-linux/8/cc1plus>
Sat Apr 03 04:13:20 2021: argv[0]: </usr/libexec/gcc/x86_64-redhat-linux/8/cc1plus>
Sat Apr 03 04:13:20 2021: argv[1]: <-quiet>
Sat Apr 03 04:13:20 2021: argv[2]: <-D_GNU_SOURCE>
Sat Apr 03 04:13:20 2021: argv[3]: <src/main.cpp>
Sat Apr 03 04:13:20 2021: argv[4]: <-quiet>
Sat Apr 03 04:13:20 2021: argv[5]: <-dumpbase>
Sat Apr 03 04:13:20 2021: argv[6]: <main.cpp>
Sat Apr 03 04:13:20 2021: argv[7]: <-mtune=generic>
Sat Apr 03 04:13:20 2021: argv[8]: <-march=x86-64>
Sat Apr 03 04:13:20 2021: argv[9]: <-auxbase>
Sat Apr 03 04:13:20 2021: argv[10]: <main>
Sat Apr 03 04:13:20 2021: argv[11]: <-std=c++11>
Sat Apr 03 04:13:20 2021: argv[12]: <-o>
Sat Apr 03 04:13:20 2021: argv[13]: </tmp/cckrFWD6.s>
Sat Apr 03 04:13:20 2021: skipping process with pid: 143
Sat Apr 03 04:13:21 2021: process created with pid: 147
Sat Apr 03 04:13:21 2021: parent pid: 141
Sat Apr 03 04:13:21 2021: working directory: </home/rejin/snake>
Sat Apr 03 04:13:21 2021: executable: </usr/bin/as>
Sat Apr 03 04:13:21 2021: argv[0]: <as>
Sat Apr 03 04:13:21 2021: argv[1]: <--64>
Sat Apr 03 04:13:21 2021: argv[2]: <-o>
Sat Apr 03 04:13:21 2021: argv[3]: </tmp/cczYxscd.o>
Sat Apr 03 04:13:21 2021: argv[4]: </tmp/cckrFWD6.s>
Sat Apr 03 04:13:21 2021: skipping process with pid: 147
Sat Apr 03 04:13:21 2021: process created with pid: 148
Sat Apr 03 04:13:21 2021: parent pid: 141
Sat Apr 03 04:13:21 2021: working directory: </home/rejin/snake>
Sat Apr 03 04:13:21 2021: executable: </usr/libexec/gcc/x86_64-redhat-linux/8/cc1plus>
Sat Apr 03 04:13:21 2021: argv[0]: </usr/libexec/gcc/x86_64-redhat-linux/8/cc1plus>
Sat Apr 03 04:13:21 2021: argv[1]: <-quiet>
Sat Apr 03 04:13:21 2021: argv[2]: <-D_GNU_SOURCE>
Sat Apr 03 04:13:21 2021: argv[3]: <src/snake.cpp>
Sat Apr 03 04:13:21 2021: argv[4]: <-quiet>
Sat Apr 03 04:13:21 2021: argv[5]: <-dumpbase>
Sat Apr 03 04:13:21 2021: argv[6]: <snake.cpp>
Sat Apr 03 04:13:21 2021: argv[7]: <-mtune=generic>
Sat Apr 03 04:13:21 2021: argv[8]: <-march=x86-64>
Sat Apr 03 04:13:21 2021: argv[9]: <-auxbase>
Sat Apr 03 04:13:21 2021: argv[10]: <snake>
Sat Apr 03 04:13:21 2021: argv[11]: <-std=c++11>
Sat Apr 03 04:13:21 2021: argv[12]: <-o>
Sat Apr 03 04:13:21 2021: argv[13]: </tmp/cckrFWD6.s>
Sat Apr 03 04:13:21 2021: skipping process with pid: 148
Sat Apr 03 04:13:21 2021: process created with pid: 149
Sat Apr 03 04:13:21 2021: parent pid: 141
Sat Apr 03 04:13:21 2021: working directory: </home/rejin/snake>
Sat Apr 03 04:13:21 2021: executable: </usr/bin/as>
Sat Apr 03 04:13:21 2021: argv[0]: <as>
Sat Apr 03 04:13:21 2021: argv[1]: <--64>
Sat Apr 03 04:13:21 2021: argv[2]: <-o>
Sat Apr 03 04:13:21 2021: argv[3]: </tmp/ccj5Jmpl.o>
Sat Apr 03 04:13:21 2021: argv[4]: </tmp/cckrFWD6.s>
Sat Apr 03 04:13:21 2021: skipping process with pid: 149
Sat Apr 03 04:13:21 2021: process created with pid: 150
Sat Apr 03 04:13:21 2021: parent pid: 141
Sat Apr 03 04:13:21 2021: working directory: </home/rejin/snake>
Sat Apr 03 04:13:21 2021: executable: </usr/libexec/gcc/x86_64-redhat-linux/8/cc1plus>
Sat Apr 03 04:13:21 2021: argv[0]: </usr/libexec/gcc/x86_64-redhat-linux/8/cc1plus>
Sat Apr 03 04:13:21 2021: argv[1]: <-quiet>
Sat Apr 03 04:13:21 2021: argv[2]: <-D_GNU_SOURCE>
Sat Apr 03 04:13:21 2021: argv[3]: <src/input.cpp>
Sat Apr 03 04:13:21 2021: argv[4]: <-quiet>
Sat Apr 03 04:13:21 2021: argv[5]: <-dumpbase>
Sat Apr 03 04:13:21 2021: argv[6]: <input.cpp>
Sat Apr 03 04:13:21 2021: argv[7]: <-mtune=generic>
Sat Apr 03 04:13:21 2021: argv[8]: <-march=x86-64>
Sat Apr 03 04:13:21 2021: argv[9]: <-auxbase>
Sat Apr 03 04:13:21 2021: argv[10]: <input>
Sat Apr 03 04:13:21 2021: argv[11]: <-std=c++11>
Sat Apr 03 04:13:21 2021: argv[12]: <-o>
Sat Apr 03 04:13:21 2021: argv[13]: </tmp/cckrFWD6.s>
Sat Apr 03 04:13:21 2021: skipping process with pid: 150
Sat Apr 03 04:13:22 2021: process created with pid: 151
Sat Apr 03 04:13:22 2021: parent pid: 141
Sat Apr 03 04:13:22 2021: working directory: </home/rejin/snake>
Sat Apr 03 04:13:22 2021: executable: </usr/bin/as>
Sat Apr 03 04:13:22 2021: argv[0]: <as>
Sat Apr 03 04:13:22 2021: argv[1]: <--64>
Sat Apr 03 04:13:22 2021: argv[2]: <-o>
Sat Apr 03 04:13:22 2021: argv[3]: </tmp/cc42Sunx.o>
Sat Apr 03 04:13:22 2021: argv[4]: </tmp/cckrFWD6.s>
Sat Apr 03 04:13:22 2021: skipping process with pid: 151
Sat Apr 03 04:13:22 2021: process created with pid: 152
Sat Apr 03 04:13:22 2021: parent pid: 141
Sat Apr 03 04:13:22 2021: working directory: </home/rejin/snake>
Sat Apr 03 04:13:22 2021: executable: </usr/libexec/gcc/x86_64-redhat-linux/8/cc1plus>
Sat Apr 03 04:13:22 2021: argv[0]: </usr/libexec/gcc/x86_64-redhat-linux/8/cc1plus>
Sat Apr 03 04:13:22 2021: argv[1]: <-quiet>
Sat Apr 03 04:13:22 2021: argv[2]: <-D_GNU_SOURCE>
Sat Apr 03 04:13:22 2021: argv[3]: <src/snake_map.cpp>
Sat Apr 03 04:13:22 2021: argv[4]: <-quiet>
Sat Apr 03 04:13:22 2021: argv[5]: <-dumpbase>
Sat Apr 03 04:13:22 2021: argv[6]: <snake_map.cpp>
Sat Apr 03 04:13:22 2021: argv[7]: <-mtune=generic>
Sat Apr 03 04:13:22 2021: argv[8]: <-march=x86-64>
Sat Apr 03 04:13:22 2021: argv[9]: <-auxbase>
Sat Apr 03 04:13:22 2021: argv[10]: <snake_map>
Sat Apr 03 04:13:22 2021: argv[11]: <-std=c++11>
Sat Apr 03 04:13:22 2021: argv[12]: <-o>
Sat Apr 03 04:13:22 2021: argv[13]: </tmp/cckrFWD6.s>
Sat Apr 03 04:13:22 2021: skipping process with pid: 152
Sat Apr 03 04:13:23 2021: process created with pid: 153
Sat Apr 03 04:13:23 2021: parent pid: 141
Sat Apr 03 04:13:23 2021: working directory: </home/rejin/snake>
Sat Apr 03 04:13:23 2021: executable: </usr/bin/as>
Sat Apr 03 04:13:23 2021: argv[0]: <as>
Sat Apr 03 04:13:23 2021: argv[1]: <--64>
Sat Apr 03 04:13:23 2021: argv[2]: <-o>
Sat Apr 03 04:13:23 2021: argv[3]: </tmp/ccD3u5JK.o>
Sat Apr 03 04:13:23 2021: argv[4]: </tmp/cckrFWD6.s>
Sat Apr 03 04:13:23 2021: skipping process with pid: 153
Sat Apr 03 04:13:23 2021: process created with pid: 154
Sat Apr 03 04:13:23 2021: parent pid: 141
Sat Apr 03 04:13:23 2021: working directory: </home/rejin/snake>
Sat Apr 03 04:13:23 2021: executable: </usr/libexec/gcc/x86_64-redhat-linux/8/collect2>
Sat Apr 03 04:13:23 2021: argv[0]: </usr/libexec/gcc/x86_64-redhat-linux/8/collect2>
Sat Apr 03 04:13:23 2021: argv[1]: <-plugin>
Sat Apr 03 04:13:23 2021: argv[2]: </usr/libexec/gcc/x86_64-redhat-linux/8/liblto_plugin.so>
Sat Apr 03 04:13:23 2021: argv[3]: <-plugin-opt=/usr/libexec/gcc/x86_64-redhat-linux/8/lto-wrapper>
Sat Apr 03 04:13:23 2021: argv[4]: <-plugin-opt=-fresolution=/tmp/cca48E8X.res>
Sat Apr 03 04:13:23 2021: argv[5]: <-plugin-opt=-pass-through=-lgcc_s>
Sat Apr 03 04:13:23 2021: argv[6]: <-plugin-opt=-pass-through=-lgcc>
Sat Apr 03 04:13:23 2021: argv[7]: <-plugin-opt=-pass-through=-lc>
Sat Apr 03 04:13:23 2021: argv[8]: <-plugin-opt=-pass-through=-lgcc_s>
Sat Apr 03 04:13:23 2021: argv[9]: <-plugin-opt=-pass-through=-lgcc>
Sat Apr 03 04:13:23 2021: argv[10]: <--build-id>
Sat Apr 03 04:13:23 2021: argv[11]: <--no-add-needed>
Sat Apr 03 04:13:23 2021: argv[12]: <--eh-frame-hdr>
Sat Apr 03 04:13:23 2021: argv[13]: <--hash-style=gnu>
Sat Apr 03 04:13:23 2021: argv[14]: <-m>
Sat Apr 03 04:13:23 2021: argv[15]: <elf_x86_64>
Sat Apr 03 04:13:23 2021: argv[16]: <-dynamic-linker>
Sat Apr 03 04:13:23 2021: argv[17]: </lib64/ld-linux-x86-64.so.2>
Sat Apr 03 04:13:23 2021: argv[18]: <-o>
Sat Apr 03 04:13:23 2021: argv[19]: <bin/snake>
Sat Apr 03 04:13:23 2021: argv[20]: </usr/lib/gcc/x86_64-redhat-linux/8/../../../../lib64/crt1.o>
Sat Apr 03 04:13:23 2021: argv[21]: </usr/lib/gcc/x86_64-redhat-linux/8/../../../../lib64/crti.o>
Sat Apr 03 04:13:23 2021: argv[22]: </usr/lib/gcc/x86_64-redhat-linux/8/crtbegin.o>
Sat Apr 03 04:13:23 2021: argv[23]: <-L/usr/lib/gcc/x86_64-redhat-linux/8>
Sat Apr 03 04:13:23 2021: argv[24]: <-L/usr/lib/gcc/x86_64-redhat-linux/8/../../../../lib64>
Sat Apr 03 04:13:23 2021: argv[25]: <-L/lib/../lib64>
Sat Apr 03 04:13:23 2021: argv[26]: <-L/usr/lib/../lib64>
Sat Apr 03 04:13:23 2021: argv[27]: <-L/usr/lib/gcc/x86_64-redhat-linux/8/../../..>
Sat Apr 03 04:13:23 2021: argv[28]: </tmp/cczYxscd.o>
Sat Apr 03 04:13:23 2021: argv[29]: </tmp/ccj5Jmpl.o>
Sat Apr 03 04:13:23 2021: argv[30]: </tmp/cc42Sunx.o>
Sat Apr 03 04:13:23 2021: argv[31]: </tmp/ccD3u5JK.o>
Sat Apr 03 04:13:23 2021: argv[32]: <-lpthread>
Sat Apr 03 04:13:23 2021: argv[33]: <-lstdc++>
Sat Apr 03 04:13:23 2021: argv[34]: <-lm>
Sat Apr 03 04:13:23 2021: argv[35]: <-lgcc_s>
Sat Apr 03 04:13:23 2021: argv[36]: <-lgcc>
Sat Apr 03 04:13:23 2021: argv[37]: <-lc>
Sat Apr 03 04:13:23 2021: argv[38]: <-lgcc_s>
Sat Apr 03 04:13:23 2021: argv[39]: <-lgcc>
Sat Apr 03 04:13:23 2021: argv[40]: </usr/lib/gcc/x86_64-redhat-linux/8/crtend.o>
Sat Apr 03 04:13:23 2021: argv[41]: </usr/lib/gcc/x86_64-redhat-linux/8/../../../../lib64/crtn.o>
Sat Apr 03 04:13:23 2021: skipping process with pid: 154
Sat Apr 03 04:13:23 2021: process created with pid: 155
Sat Apr 03 04:13:23 2021: parent pid: 154
Sat Apr 03 04:13:23 2021: working directory: </home/rejin/snake>
Sat Apr 03 04:13:23 2021: executable: </usr/bin/ld.bfd>
Sat Apr 03 04:13:23 2021: argv[0]: </usr/bin/ld>
Sat Apr 03 04:13:23 2021: argv[1]: <-plugin>
Sat Apr 03 04:13:23 2021: argv[2]: </usr/libexec/gcc/x86_64-redhat-linux/8/liblto_plugin.so>
Sat Apr 03 04:13:23 2021: argv[3]: <-plugin-opt=/usr/libexec/gcc/x86_64-redhat-linux/8/lto-wrapper>
Sat Apr 03 04:13:23 2021: argv[4]: <-plugin-opt=-fresolution=/tmp/cca48E8X.res>
Sat Apr 03 04:13:23 2021: argv[5]: <-plugin-opt=-pass-through=-lgcc_s>
Sat Apr 03 04:13:23 2021: argv[6]: <-plugin-opt=-pass-through=-lgcc>
Sat Apr 03 04:13:23 2021: argv[7]: <-plugin-opt=-pass-through=-lc>
Sat Apr 03 04:13:23 2021: argv[8]: <-plugin-opt=-pass-through=-lgcc_s>
Sat Apr 03 04:13:23 2021: argv[9]: <-plugin-opt=-pass-through=-lgcc>
Sat Apr 03 04:13:23 2021: argv[10]: <--build-id>
Sat Apr 03 04:13:23 2021: argv[11]: <--no-add-needed>
Sat Apr 03 04:13:23 2021: argv[12]: <--eh-frame-hdr>
Sat Apr 03 04:13:23 2021: argv[13]: <--hash-style=gnu>
Sat Apr 03 04:13:23 2021: argv[14]: <-m>
Sat Apr 03 04:13:23 2021: argv[15]: <elf_x86_64>
Sat Apr 03 04:13:23 2021: argv[16]: <-dynamic-linker>
Sat Apr 03 04:13:23 2021: argv[17]: </lib64/ld-linux-x86-64.so.2>
Sat Apr 03 04:13:23 2021: argv[18]: <-o>
Sat Apr 03 04:13:23 2021: argv[19]: <bin/snake>
Sat Apr 03 04:13:23 2021: argv[20]: </usr/lib/gcc/x86_64-redhat-linux/8/../../../../lib64/crt1.o>
Sat Apr 03 04:13:23 2021: argv[21]: </usr/lib/gcc/x86_64-redhat-linux/8/../../../../lib64/crti.o>
Sat Apr 03 04:13:23 2021: argv[22]: </usr/lib/gcc/x86_64-redhat-linux/8/crtbegin.o>
Sat Apr 03 04:13:23 2021: argv[23]: <-L/usr/lib/gcc/x86_64-redhat-linux/8>
Sat Apr 03 04:13:23 2021: argv[24]: <-L/usr/lib/gcc/x86_64-redhat-linux/8/../../../../lib64>
Sat Apr 03 04:13:23 2021: argv[25]: <-L/lib/../lib64>
Sat Apr 03 04:13:23 2021: argv[26]: <-L/usr/lib/../lib64>
Sat Apr 03 04:13:23 2021: argv[27]: <-L/usr/lib/gcc/x86_64-redhat-linux/8/../../..>
Sat Apr 03 04:13:23 2021: argv[28]: </tmp/cczYxscd.o>
Sat Apr 03 04:13:23 2021: argv[29]: </tmp/ccj5Jmpl.o>
Sat Apr 03 04:13:23 2021: argv[30]: </tmp/cc42Sunx.o>
Sat Apr 03 04:13:23 2021: argv[31]: </tmp/ccD3u5JK.o>
Sat Apr 03 04:13:23 2021: argv[32]: <-lpthread>
Sat Apr 03 04:13:23 2021: argv[33]: <-lstdc++>
Sat Apr 03 04:13:23 2021: argv[34]: <-lm>
Sat Apr 03 04:13:23 2021: argv[35]: <-lgcc_s>
Sat Apr 03 04:13:23 2021: argv[36]: <-lgcc>
Sat Apr 03 04:13:23 2021: argv[37]: <-lc>
Sat Apr 03 04:13:23 2021: argv[38]: <-lgcc_s>
Sat Apr 03 04:13:23 2021: argv[39]: <-lgcc>
Sat Apr 03 04:13:23 2021: argv[40]: </usr/lib/gcc/x86_64-redhat-linux/8/crtend.o>
Sat Apr 03 04:13:23 2021: argv[41]: </usr/lib/gcc/x86_64-redhat-linux/8/../../../../lib64/crtn.o>
Sat Apr 03 04:13:23 2021: skipping process with pid: 155
Sat Apr 03 04:13:23 2021: finalizing json file
Sat Apr 03 04:13:23 2021: returned with code: 0
